Server initialized

Data received: AT kiwi.cs.ucla.edu +34.068930-118.445127 1520023934.918963997 Welsh Holiday Wilkes Goloman Hands

Checking local client data
Updating local client data of kiwi.cs.ucla.edu: (32501247.17151308, [34.06893, -118.445127], 1520023934.918964)

Data received: AT kiwi.cs.ucla.edu +10-5 999.99 Hands Goloman Wilkes

Checking local client data
No update; keeping data of kiwi.cs.ucla.edu: (32501247.17151308, [34.06893, -118.445127], 1520023934.918964)
Ignoring data: (1552524218.4981654, [10.0, -5.0], 999.99)
Trying to contact Holiday
Connection with Holiday established
AT response to Holiday: AT kiwi.cs.ucla.edu +10-5 999.99 Hands Goloman Wilkes Holiday
AT response to Holiday successful

Data received: AT kiwi.cs.ucla.edu +34.068930-118.445127 9999999999.99 Holiday Welsh Wilkes Goloman Hands

Checking local client data
Updating local client data of kiwi.cs.ucla.edu: (-8447474741.280495, [34.06893, -118.445127], 9999999999.99)

Data received: AT kiwi.cs.ucla.edu +34.068930-118.445127 1520023934.918963997 Wilkes Goloman Hands Holiday

Checking local client data
No update; keeping data of kiwi.cs.ucla.edu: (-8447474741.280495, [34.06893, -118.445127], 9999999999.99)
Ignoring data: (32501369.019296408, [34.06893, -118.445127], 1520023934.918964)

Server closing
