Server initialized

Data received: WHATSAT kiwi.cs.ucla.edu 10 5
Client data not found
Data received: AT kiwi.cs.ucla.edu +34.068930-118.445127 1520023934.918963997 Welsh Holiday Wilkes Goloman Hands

Checking local client data
Updating local client data of kiwi.cs.ucla.edu: (32501247.171744823, [34.06893, -118.445127], 1520023934.918964)

Data received: IAMAT kiwi.cs.ucla.edu +10-5 999.99

AT response to client: AT Hands +1552524218.4969726 kiwi.cs.ucla.edu +10-5 999.99
AT response to client successful

Checking local client data
No update; keeping data of kiwi.cs.ucla.edu: (32501247.171744823, [34.06893, -118.445127], 1520023934.918964)
Ignoring data: (1552524218.4970827, [10.0, -5.0], 999.99)
Trying to contact Goloman
Connection with Goloman established
AT response to Goloman: AT kiwi.cs.ucla.edu +10-5 999.99 Hands Goloman Wilkes
AT response to Goloman successful
Trying to contact Wilkes
Connection with Wilkes established
AT response to Wilkes: AT kiwi.cs.ucla.edu +10-5 999.99 Hands Goloman Wilkes
AT response to Wilkes successful

Data received: AT kiwi.cs.ucla.edu +34.068930-118.445127 9999999999.99 Holiday Welsh Wilkes Goloman Hands

Checking local client data
Updating local client data of kiwi.cs.ucla.edu: (-8447474741.280216, [34.06893, -118.445127], 9999999999.99)

Data received: AT kiwi.cs.ucla.edu +34.068930-118.445127 1520023934.918963997 Wilkes Goloman Hands Holiday

Checking local client data
No update; keeping data of kiwi.cs.ucla.edu: (-8447474741.280216, [34.06893, -118.445127], 9999999999.99)
Ignoring data: (32501369.019815683, [34.06893, -118.445127], 1520023934.918964)

Server closing
