Server initialized

Data received: AT kiwi.cs.ucla.edu +34.068930-118.445127 1520023934.918963997 Welsh Holiday

Checking local client data
Updating local client data of kiwi.cs.ucla.edu: (32501247.168358803, [34.06893, -118.445127], 1520023934.918964)
Trying to contact Wilkes
Connection with Wilkes established
AT response to Wilkes: AT kiwi.cs.ucla.edu +34.068930-118.445127 1520023934.918963997 Welsh Holiday Wilkes
AT response to Wilkes successful

Data received: AT kiwi.cs.ucla.edu +10-5 999.99 Hands Goloman Wilkes Holiday

Checking local client data
No update; keeping data of kiwi.cs.ucla.edu: (32501247.168358803, [34.06893, -118.445127], 1520023934.918964)
Ignoring data: (1552524218.4992895, [10.0, -5.0], 999.99)
Trying to contact Welsh

Data received: AT kiwi.cs.ucla.edu +10-5 999.99 Hands Goloman Wilkes Holiday

Checking local client data
No update; keeping data of kiwi.cs.ucla.edu: (32501247.168358803, [34.06893, -118.445127], 1520023934.918964)
Ignoring data: (1552524218.4997423, [10.0, -5.0], 999.99)
Trying to contact Welsh
Connection with Welsh established
AT response to Welsh: AT kiwi.cs.ucla.edu +10-5 999.99 Hands Goloman Wilkes Holiday Welsh
AT response to Welsh successful
Connection with Welsh established
AT response to Welsh: AT kiwi.cs.ucla.edu +10-5 999.99 Hands Goloman Wilkes Holiday Welsh
AT response to Welsh successful

Data received: IAMAT kiwi.cs.ucla.edu +34.068930-118.445127 9999999999.99

AT response to client: AT Holiday -8447474741.283066 kiwi.cs.ucla.edu +34.068930-118.445127 9999999999.99
AT response to client successful

Checking local client data
Updating local client data of kiwi.cs.ucla.edu: (-8447474741.282971, [34.06893, -118.445127], 9999999999.99)
Trying to contact Welsh
Connection with Welsh established
AT response to Welsh: AT kiwi.cs.ucla.edu +34.068930-118.445127 9999999999.99 Holiday Welsh Wilkes
AT response to Welsh successful
Trying to contact Wilkes
Connection with Wilkes established
AT response to Wilkes: AT kiwi.cs.ucla.edu +34.068930-118.445127 9999999999.99 Holiday Welsh Wilkes
AT response to Wilkes successful

Data received: AT kiwi.cs.ucla.edu +34.068930-118.445127 1520023934.918963997 Wilkes Goloman Hands Holiday

Checking local client data
No update; keeping data of kiwi.cs.ucla.edu: (-8447474741.282971, [34.06893, -118.445127], 9999999999.99)
Ignoring data: (32501369.020230293, [34.06893, -118.445127], 1520023934.918964)
Trying to contact Welsh
Connection with Welsh established
AT response to Welsh: AT kiwi.cs.ucla.edu +34.068930-118.445127 1520023934.918963997 Wilkes Goloman Hands Holiday Welsh
AT response to Welsh successful

Server closing
