Server initialized

Data received: AT kiwi.cs.ucla.edu +34.068930-118.445127 1520023934.918963997 Welsh Holiday Wilkes

Checking local client data
Updating local client data of kiwi.cs.ucla.edu: (32501247.170034885, [34.06893, -118.445127], 1520023934.918964)
Trying to contact Goloman
Connection with Goloman established
AT response to Goloman: AT kiwi.cs.ucla.edu +34.068930-118.445127 1520023934.918963997 Welsh Holiday Wilkes Goloman Hands
AT response to Goloman successful
Trying to contact Hands
Connection with Hands established
AT response to Hands: AT kiwi.cs.ucla.edu +34.068930-118.445127 1520023934.918963997 Welsh Holiday Wilkes Goloman Hands
AT response to Hands successful

Data received: AT kiwi.cs.ucla.edu +10-5 999.99 Hands Goloman Wilkes

Checking local client data
No update; keeping data of kiwi.cs.ucla.edu: (32501247.170034885, [34.06893, -118.445127], 1520023934.918964)
Ignoring data: (1552524218.498564, [10.0, -5.0], 999.99)
Trying to contact Holiday
Connection with Holiday established
AT response to Holiday: AT kiwi.cs.ucla.edu +10-5 999.99 Hands Goloman Wilkes Holiday
AT response to Holiday successful

Data received: AT kiwi.cs.ucla.edu +34.068930-118.445127 9999999999.99 Holiday Welsh Wilkes

Checking local client data
Updating local client data of kiwi.cs.ucla.edu: (-8447474741.28154, [34.06893, -118.445127], 9999999999.99)
Trying to contact Goloman
Connection with Goloman established
AT response to Goloman: AT kiwi.cs.ucla.edu +34.068930-118.445127 9999999999.99 Holiday Welsh Wilkes Goloman Hands
AT response to Goloman successful
Trying to contact Hands
Connection with Hands established
AT response to Hands: AT kiwi.cs.ucla.edu +34.068930-118.445127 9999999999.99 Holiday Welsh Wilkes Goloman Hands
AT response to Hands successful

Data received: IAMAT kiwi.cs.ucla.edu +34.068930-118.445127 1520023934.918963997

AT response to client: AT Wilkes +32501369.018206596 kiwi.cs.ucla.edu +34.068930-118.445127 1520023934.918963997
AT response to client successful

Checking local client data
No update; keeping data of kiwi.cs.ucla.edu: (-8447474741.28154, [34.06893, -118.445127], 9999999999.99)
Ignoring data: (32501369.018286467, [34.06893, -118.445127], 1520023934.918964)
Trying to contact Goloman
Connection with Goloman established
AT response to Goloman: AT kiwi.cs.ucla.edu +34.068930-118.445127 1520023934.918963997 Wilkes Goloman Hands Holiday
AT response to Goloman successful
Trying to contact Hands
Connection with Hands established
AT response to Hands: AT kiwi.cs.ucla.edu +34.068930-118.445127 1520023934.918963997 Wilkes Goloman Hands Holiday
AT response to Hands successful
Trying to contact Holiday
Connection with Holiday established
AT response to Holiday: AT kiwi.cs.ucla.edu +34.068930-118.445127 1520023934.918963997 Wilkes Goloman Hands Holiday
AT response to Holiday successful

Server closing
